E:\2-C工程\1-BZIP2\BZIP2-1.0.6\BZIP2\BZIP2\BZIP2-1.0.6\BZIP\BZIP\DEBUG\BLOCKSORT.OBJ
E:\2-C工程\1-BZIP2\BZIP2-1.0.6\BZIP2\BZIP2\BZIP2-1.0.6\BZIP\BZIP\DEBUG\BZIP2.OBJ
E:\2-C工程\1-BZIP2\BZIP2-1.0.6\BZIP2\BZIP2\BZIP2-1.0.6\BZIP\BZIP\DEBUG\BZIP2RECOVER.OBJ
E:\2-C工程\1-BZIP2\BZIP2-1.0.6\BZIP2\BZIP2\BZIP2-1.0.6\BZIP\BZIP\DEBUG\BZLIB.OBJ
E:\2-C工程\1-BZIP2\BZIP2-1.0.6\BZIP2\BZIP2\BZIP2-1.0.6\BZIP\BZIP\DEBUG\COMPRESS.OBJ
E:\2-C工程\1-BZIP2\BZIP2-1.0.6\BZIP2\BZIP2\BZIP2-1.0.6\BZIP\BZIP\DEBUG\CRCTABLE.OBJ
E:\2-C工程\1-BZIP2\BZIP2-1.0.6\BZIP2\BZIP2\BZIP2-1.0.6\BZIP\BZIP\DEBUG\DECOMPRESS.OBJ
E:\2-C工程\1-BZIP2\BZIP2-1.0.6\BZIP2\BZIP2\BZIP2-1.0.6\BZIP\BZIP\DEBUG\DLLTEST.OBJ
E:\2-C工程\1-BZIP2\BZIP2-1.0.6\BZIP2\BZIP2\BZIP2-1.0.6\BZIP\BZIP\DEBUG\HUFFMAN.OBJ
E:\2-C工程\1-BZIP2\BZIP2-1.0.6\BZIP2\BZIP2\BZIP2-1.0.6\BZIP\BZIP\DEBUG\MK251.OBJ
E:\2-C工程\1-BZIP2\BZIP2-1.0.6\BZIP2\BZIP2\BZIP2-1.0.6\BZIP\BZIP\DEBUG\RANDTABLE.OBJ
E:\2-C工程\1-BZIP2\BZIP2-1.0.6\BZIP2\BZIP2\BZIP2-1.0.6\BZIP\BZIP\DEBUG\SPEWG.OBJ
E:\2-C工程\1-BZIP2\BZIP2-1.0.6\BZIP2\BZIP2\BZIP2-1.0.6\BZIP\BZIP\DEBUG\UNZCRASH.OBJ
E:\2-C工程\1-BZIP2\BZIP2-1.0.6\BZIP2\BZIP2\BZIP2-1.0.6\BZIP\BZIP\DEBUG\VC110.PDB
E:\2-C工程\1-BZIP2\BZIP2-1.0.6\BZIP2\BZIP2\BZIP2-1.0.6\BZIP\DEBUG\BZIP.ILK
E:\2-C工程\1-BZIP2\BZIP2-1.0.6\BZIP2\BZIP2\BZIP2-1.0.6\BZIP\DEBUG\BZIP.EXE
E:\2-C工程\1-BZIP2\BZIP2-1.0.6\BZIP2\BZIP2\BZIP2-1.0.6\BZIP\DEBUG\BZIP.PDB
E:\2-C工程\1-bzip2\bzip2-1.0.6\bzip2\bzip2\bzip2-1.0.6\bzip\bzip\Debug\blocksort.obj
E:\2-C工程\1-bzip2\bzip2-1.0.6\bzip2\bzip2\bzip2-1.0.6\bzip\bzip\Debug\bzip2.obj
E:\2-C工程\1-bzip2\bzip2-1.0.6\bzip2\bzip2\bzip2-1.0.6\bzip\bzip\Debug\bzip2recover.obj
E:\2-C工程\1-bzip2\bzip2-1.0.6\bzip2\bzip2\bzip2-1.0.6\bzip\bzip\Debug\bzlib.obj
E:\2-C工程\1-bzip2\bzip2-1.0.6\bzip2\bzip2\bzip2-1.0.6\bzip\bzip\Debug\compress.obj
E:\2-C工程\1-bzip2\bzip2-1.0.6\bzip2\bzip2\bzip2-1.0.6\bzip\bzip\Debug\crctable.obj
E:\2-C工程\1-bzip2\bzip2-1.0.6\bzip2\bzip2\bzip2-1.0.6\bzip\bzip\Debug\decompress.obj
E:\2-C工程\1-bzip2\bzip2-1.0.6\bzip2\bzip2\bzip2-1.0.6\bzip\bzip\Debug\dlltest.obj
E:\2-C工程\1-bzip2\bzip2-1.0.6\bzip2\bzip2\bzip2-1.0.6\bzip\bzip\Debug\huffman.obj
E:\2-C工程\1-bzip2\bzip2-1.0.6\bzip2\bzip2\bzip2-1.0.6\bzip\bzip\Debug\mk251.obj
E:\2-C工程\1-bzip2\bzip2-1.0.6\bzip2\bzip2\bzip2-1.0.6\bzip\bzip\Debug\randtable.obj
E:\2-C工程\1-bzip2\bzip2-1.0.6\bzip2\bzip2\bzip2-1.0.6\bzip\bzip\Debug\spewG.obj
E:\2-C工程\1-bzip2\bzip2-1.0.6\bzip2\bzip2\bzip2-1.0.6\bzip\bzip\Debug\unzcrash.obj
E:\2-C工程\1-bzip2\bzip2-1.0.6\bzip2\bzip2\bzip2-1.0.6\bzip\bzip\Debug\cl.command.1.tlog
E:\2-C工程\1-bzip2\bzip2-1.0.6\bzip2\bzip2\bzip2-1.0.6\bzip\bzip\Debug\CL.read.1.tlog
E:\2-C工程\1-bzip2\bzip2-1.0.6\bzip2\bzip2\bzip2-1.0.6\bzip\bzip\Debug\CL.write.1.tlog
E:\2-C工程\1-bzip2\bzip2-1.0.6\bzip2\bzip2\bzip2-1.0.6\bzip\bzip\Debug\link-cvtres.read.1.tlog
E:\2-C工程\1-bzip2\bzip2-1.0.6\bzip2\bzip2\bzip2-1.0.6\bzip\bzip\Debug\link-cvtres.write.1.tlog
E:\2-C工程\1-bzip2\bzip2-1.0.6\bzip2\bzip2\bzip2-1.0.6\bzip\bzip\Debug\link-rc.read.1.tlog
E:\2-C工程\1-bzip2\bzip2-1.0.6\bzip2\bzip2\bzip2-1.0.6\bzip\bzip\Debug\link-rc.write.1.tlog
E:\2-C工程\1-bzip2\bzip2-1.0.6\bzip2\bzip2\bzip2-1.0.6\bzip\bzip\Debug\link.command.1.tlog
E:\2-C工程\1-bzip2\bzip2-1.0.6\bzip2\bzip2\bzip2-1.0.6\bzip\bzip\Debug\link.read.1.tlog
E:\2-C工程\1-bzip2\bzip2-1.0.6\bzip2\bzip2\bzip2-1.0.6\bzip\bzip\Debug\link.write.1.tlog
E:\2-C工程\1-bzip2\bzip2-1.0.6\bzip2\bzip2\bzip2-1.0.6\bzip\bzip\Debug\vc110.idb
E:\2-C工程\1-bzip2\bzip2-1.0.6\bzip2\bzip2\bzip2-1.0.6\bzip\bzip\Debug\vc110.pdb
E:\2-C工程\1-bzip2\bzip2-1.0.6\bzip2\bzip2\bzip2-1.0.6\bzip\Debug\bzip.pdb
E:\2-C工程\1-bzip2\bzip2-1.0.6\bzip2\bzip2\bzip2-1.0.6\bzip\Debug\bzip.exe
E:\2-C工程\1-bzip2\bzip2-1.0.6\bzip2\bzip2\bzip2-1.0.6\bzip\Debug\bzip.ilk
